e:\youssef\b2\phase2_code\debug\pt project.bsc
e:\youssef\b2\phase2_code\debug\snake.sbr
e:\youssef\b2\phase2_code\debug\savegridaction.sbr
e:\youssef\b2\phase2_code\debug\rolldiceaction.sbr
e:\youssef\b2\phase2_code\debug\main.sbr
e:\youssef\b2\phase2_code\debug\player.sbr
e:\youssef\b2\phase2_code\debug\pastecardaction.sbr
e:\youssef\b2\phase2_code\debug\output.sbr
e:\youssef\b2\phase2_code\debug\newgameaction.sbr
e:\youssef\b2\phase2_code\debug\loadgridaction.sbr
e:\youssef\b2\phase2_code\debug\ladder.sbr
e:\youssef\b2\phase2_code\debug\inputdiceaction.sbr
e:\youssef\b2\phase2_code\debug\input.sbr
e:\youssef\b2\phase2_code\debug\grid.sbr
e:\youssef\b2\phase2_code\debug\gameobject.sbr
e:\youssef\b2\phase2_code\debug\editcardaction.sbr
e:\youssef\b2\phase2_code\debug\deletegameobjectaction.sbr
e:\youssef\b2\phase2_code\debug\cutcardaction.sbr
e:\youssef\b2\phase2_code\debug\copycardaction.sbr
e:\youssef\b2\phase2_code\debug\windowinput.sbr
e:\youssef\b2\phase2_code\debug\mousequeue.sbr
e:\youssef\b2\phase2_code\debug\mousequeue.obj
e:\youssef\b2\phase2_code\debug\windowinput.obj
e:\youssef\b2\phase2_code\debug\copycardaction.obj
e:\youssef\b2\phase2_code\debug\cutcardaction.obj
e:\youssef\b2\phase2_code\debug\deletegameobjectaction.obj
e:\youssef\b2\phase2_code\debug\editcardaction.obj
e:\youssef\b2\phase2_code\debug\gameobject.obj
e:\youssef\b2\phase2_code\debug\grid.obj
e:\youssef\b2\phase2_code\debug\input.obj
e:\youssef\b2\phase2_code\debug\inputdiceaction.obj
e:\youssef\b2\phase2_code\debug\ladder.obj
e:\youssef\b2\phase2_code\debug\loadgridaction.obj
e:\youssef\b2\phase2_code\debug\newgameaction.obj
e:\youssef\b2\phase2_code\debug\output.obj
e:\youssef\b2\phase2_code\debug\pastecardaction.obj
e:\youssef\b2\phase2_code\debug\player.obj
e:\youssef\b2\phase2_code\debug\main.obj
e:\youssef\b2\phase2_code\debug\rolldiceaction.obj
e:\youssef\b2\phase2_code\debug\savegridaction.obj
e:\youssef\b2\phase2_code\debug\snake.obj
e:\youssef\b2\phase2_code\debug\keyqueue.sbr
e:\youssef\b2\phase2_code\debug\image.sbr
e:\youssef\b2\phase2_code\debug\colors.sbr
e:\youssef\b2\phase2_code\debug\cmugraphics.sbr
e:\youssef\b2\phase2_code\debug\auxil.sbr
e:\youssef\b2\phase2_code\debug\cellposition.sbr
e:\youssef\b2\phase2_code\debug\cell.sbr
e:\youssef\b2\phase2_code\debug\cardtwo.sbr
e:\youssef\b2\phase2_code\debug\cardtwelve.sbr
e:\youssef\b2\phase2_code\debug\cardthree.sbr
e:\youssef\b2\phase2_code\debug\cardthirteen.sbr
e:\youssef\b2\phase2_code\debug\cardten.sbr
e:\youssef\b2\phase2_code\debug\cardsix.sbr
e:\youssef\b2\phase2_code\debug\cardseven.sbr
e:\youssef\b2\phase2_code\debug\cardone.sbr
e:\youssef\b2\phase2_code\debug\cardnine.sbr
e:\youssef\b2\phase2_code\debug\cardfourteen.sbr
e:\youssef\b2\phase2_code\debug\cardfour.sbr
e:\youssef\b2\phase2_code\debug\cardfive.sbr
e:\youssef\b2\phase2_code\debug\cardeleven.sbr
e:\youssef\b2\phase2_code\debug\cardeleven.obj
e:\youssef\b2\phase2_code\debug\cardfive.obj
e:\youssef\b2\phase2_code\debug\cardfour.obj
e:\youssef\b2\phase2_code\debug\cardfourteen.obj
e:\youssef\b2\phase2_code\debug\cardnine.obj
e:\youssef\b2\phase2_code\debug\cardone.obj
e:\youssef\b2\phase2_code\debug\cardseven.obj
e:\youssef\b2\phase2_code\debug\cardsix.obj
e:\youssef\b2\phase2_code\debug\cardten.obj
e:\youssef\b2\phase2_code\debug\cardthirteen.obj
e:\youssef\b2\phase2_code\debug\cardthree.obj
e:\youssef\b2\phase2_code\debug\cardtwelve.obj
e:\youssef\b2\phase2_code\debug\cardtwo.obj
e:\youssef\b2\phase2_code\debug\cell.obj
e:\youssef\b2\phase2_code\debug\cellposition.obj
e:\youssef\b2\phase2_code\debug\auxil.obj
e:\youssef\b2\phase2_code\debug\cmugraphics.obj
e:\youssef\b2\phase2_code\debug\colors.obj
e:\youssef\b2\phase2_code\debug\image.obj
e:\youssef\b2\phase2_code\debug\keyqueue.obj
e:\youssef\b2\phase2_code\debug\cardeight.sbr
e:\youssef\b2\phase2_code\debug\card.sbr
e:\youssef\b2\phase2_code\debug\applicationmanager.sbr
e:\youssef\b2\phase2_code\debug\addsnakeaction.sbr
e:\youssef\b2\phase2_code\debug\addladderaction.sbr
e:\youssef\b2\phase2_code\debug\addcardaction.sbr
e:\youssef\b2\phase2_code\debug\action.sbr
e:\youssef\b2\phase2_code\debug\action.obj
e:\youssef\b2\phase2_code\debug\addcardaction.obj
e:\youssef\b2\phase2_code\debug\addladderaction.obj
e:\youssef\b2\phase2_code\debug\addsnakeaction.obj
e:\youssef\b2\phase2_code\debug\applicationmanager.obj
e:\youssef\b2\phase2_code\debug\card.obj
e:\youssef\b2\phase2_code\debug\cardeight.obj
e:\youssef\b2\phase2_code\debug\vc110.pdb
e:\youssef\b2\phase2_code\debug\jutils.sbr
e:\youssef\b2\phase2_code\debug\jquant2.sbr
e:\youssef\b2\phase2_code\debug\jquant1.sbr
e:\youssef\b2\phase2_code\debug\jmemnobs.sbr
e:\youssef\b2\phase2_code\debug\jmemmgr.sbr
e:\youssef\b2\phase2_code\debug\jidctred.sbr
e:\youssef\b2\phase2_code\debug\jidctint.sbr
e:\youssef\b2\phase2_code\debug\jidctfst.sbr
e:\youssef\b2\phase2_code\debug\jidctflt.sbr
e:\youssef\b2\phase2_code\debug\jerror.sbr
e:\youssef\b2\phase2_code\debug\jdtrans.sbr
e:\youssef\b2\phase2_code\debug\jdsample.sbr
e:\youssef\b2\phase2_code\debug\jdpostct.sbr
e:\youssef\b2\phase2_code\debug\jdphuff.sbr
e:\youssef\b2\phase2_code\debug\jdmerge.sbr
e:\youssef\b2\phase2_code\debug\jdmaster.sbr
e:\youssef\b2\phase2_code\debug\jdmarker.sbr
e:\youssef\b2\phase2_code\debug\jdmainct.sbr
e:\youssef\b2\phase2_code\debug\jdinput.sbr
e:\youssef\b2\phase2_code\debug\jdhuff.sbr
e:\youssef\b2\phase2_code\debug\jdhuff.obj
e:\youssef\b2\phase2_code\debug\jdinput.obj
e:\youssef\b2\phase2_code\debug\jdmainct.obj
e:\youssef\b2\phase2_code\debug\jdmarker.obj
e:\youssef\b2\phase2_code\debug\jdmaster.obj
e:\youssef\b2\phase2_code\debug\jdmerge.obj
e:\youssef\b2\phase2_code\debug\jdphuff.obj
e:\youssef\b2\phase2_code\debug\jdpostct.obj
e:\youssef\b2\phase2_code\debug\jdsample.obj
e:\youssef\b2\phase2_code\debug\jdtrans.obj
e:\youssef\b2\phase2_code\debug\jerror.obj
e:\youssef\b2\phase2_code\debug\jidctflt.obj
e:\youssef\b2\phase2_code\debug\jidctfst.obj
e:\youssef\b2\phase2_code\debug\jidctint.obj
e:\youssef\b2\phase2_code\debug\jidctred.obj
e:\youssef\b2\phase2_code\debug\jmemmgr.obj
e:\youssef\b2\phase2_code\debug\jmemnobs.obj
e:\youssef\b2\phase2_code\debug\jquant1.obj
e:\youssef\b2\phase2_code\debug\jquant2.obj
e:\youssef\b2\phase2_code\debug\jutils.obj
e:\youssef\b2\phase2_code\debug\jddctmgr.sbr
e:\youssef\b2\phase2_code\debug\jdcolor.sbr
e:\youssef\b2\phase2_code\debug\jdcoefct.sbr
e:\youssef\b2\phase2_code\debug\jdatasrc.sbr
e:\youssef\b2\phase2_code\debug\jdapistd.sbr
e:\youssef\b2\phase2_code\debug\jdapimin.sbr
e:\youssef\b2\phase2_code\debug\jcparam.sbr
e:\youssef\b2\phase2_code\debug\jcomapi.sbr
e:\youssef\b2\phase2_code\debug\jpegload.sbr
e:\youssef\b2\phase2_code\debug\jpegload.obj
e:\youssef\b2\phase2_code\debug\jcomapi.obj
e:\youssef\b2\phase2_code\debug\jcparam.obj
e:\youssef\b2\phase2_code\debug\jdapimin.obj
e:\youssef\b2\phase2_code\debug\jdapistd.obj
e:\youssef\b2\phase2_code\debug\jdatasrc.obj
e:\youssef\b2\phase2_code\debug\jdcoefct.obj
e:\youssef\b2\phase2_code\debug\jdcolor.obj
e:\youssef\b2\phase2_code\debug\jddctmgr.obj
e:\youssef\b2\phase2_code\debug\pt project.ilk
e:\youssef\b2\phase2_code\debug\pt project.exe
e:\youssef\b2\phase2_code\debug\pt project.pdb
e:\youssef\b2\phase2_code\debug\vc142.pdb
e:\youssef\b2\phase2_code\debug\vc142.idb
e:\youssef\b2\phase2_code\debug\bscmake.command.1.tlog
e:\youssef\b2\phase2_code\debug\bscmake.read.1.tlog
e:\youssef\b2\phase2_code\debug\bscmake.write.1.tlog
e:\youssef\b2\phase2_code\debug\cl.command.1.tlog
e:\youssef\b2\phase2_code\debug\cl.read.1.tlog
e:\youssef\b2\phase2_code\debug\cl.write.1.tlog
e:\youssef\b2\phase2_code\debug\link-cvtres.read.1.tlog
e:\youssef\b2\phase2_code\debug\link-cvtres.write.1.tlog
e:\youssef\b2\phase2_code\debug\link-rc.read.1.tlog
e:\youssef\b2\phase2_code\debug\link-rc.write.1.tlog
e:\youssef\b2\phase2_code\debug\link.10020-cvtres.read.1.tlog
e:\youssef\b2\phase2_code\debug\link.10020-cvtres.write.1.tlog
e:\youssef\b2\phase2_code\debug\link.10020-rc.read.1.tlog
e:\youssef\b2\phase2_code\debug\link.10020-rc.write.1.tlog
e:\youssef\b2\phase2_code\debug\link.10020.read.1.tlog
e:\youssef\b2\phase2_code\debug\link.10020.write.1.tlog
e:\youssef\b2\phase2_code\debug\link.command.1.tlog
e:\youssef\b2\phase2_code\debug\link.read.1.tlog
e:\youssef\b2\phase2_code\debug\link.write.1.tlog
e:\youssef\b2\phase2_code\debug\vc110.idb
e:\youssef\b2\phase2_code\debug\pt project.tlog\bscmake.command.1.tlog
e:\youssef\b2\phase2_code\debug\pt project.tlog\bscmake.read.1.tlog
e:\youssef\b2\phase2_code\debug\pt project.tlog\bscmake.write.1.tlog
e:\youssef\b2\phase2_code\debug\pt project.tlog\cl.command.1.tlog
e:\youssef\b2\phase2_code\debug\pt project.tlog\cl.read.1.tlog
e:\youssef\b2\phase2_code\debug\pt project.tlog\cl.write.1.tlog
e:\youssef\b2\phase2_code\debug\pt project.tlog\link.command.1.tlog
e:\youssef\b2\phase2_code\debug\pt project.tlog\link.read.1.tlog
e:\youssef\b2\phase2_code\debug\pt project.tlog\link.write.1.tlog
